<?xml version="1.0" encoding="UTF-8"?>
<testsuite name="PasswordCheckTest" tests="2" skipped="0" failures="0" errors="0" timestamp="2019-12-12T11:55:29" hostname="sage-ThinkCentre-M73" time="0.027">
  <properties/>
  <testcase name="passwordIsValid()" classname="PasswordCheckTest" time="0.023"/>
  <testcase name="passwordIsOk()" classname="PasswordCheckTest" time="0.003"/>
  <system-out><![CDATA[password meets all requirements
password meets all requirements
]]></system-out>
  <system-err><![CDATA[]]></system-err>
</testsuite>
